  [1m[36m (3.5ms)[0m  [1mCREATE TABLE "schema_migrations" ("version" varchar NOT NULL) [0m
  [1m[35m (0.0ms)[0m  select sqlite_version(*)
  [1m[36m (3.5ms)[0m  [1mCREATE UNIQUE INDEX "unique_schema_migrations" ON "schema_migrations" ("version")[0m
  [1m[35mActiveRecord::SchemaMigration Load (0.5ms)[0m  SELECT "schema_migrations".* FROM "schema_migrations"
Migrating to CreateStudents (20160913210751)
  [1m[36m (0.0ms)[0m  [1mbegin transaction[0m
  [1m[35m (0.5ms)[0m  CREATE TABLE "students" ("id" INTEGER PRIMARY KEY AUTOINCREMENT NOT NULL, "firstname" varchar, "lastname" varchar, "favoritefood" varchar, "favoritecolor" varchar, "favoritemovie" varchar, "created_at" datetime NOT NULL, "updated_at" datetime NOT NULL) 
  [1m[36mSQL (0.0ms)[0m  [1mINSERT INTO "schema_migrations" ("version") VALUES (?)[0m  [["version", "20160913210751"]]
  [1m[35m (3.0ms)[0m  commit transaction
  [1m[36mActiveRecord::SchemaMigration Load (1.0ms)[0m  [1mSELECT "schema_migrations".* FROM "schema_migrations"[0m


Started GET "/students" for ::1 at 2016-09-13 15:56:33 -0600
  [1m[36mActiveRecord::SchemaMigration Load (0.0ms)[0m  [1mSELECT "schema_migrations".* FROM "schema_migrations"[0m
Processing by StudentsController#index as HTML
Completed 500 Internal Server Error in 12ms (ActiveRecord: 0.0ms)

NoMethodError (undefined method `transform' for #<StudentsController:0x603dea8>):
  app/controllers/students_controller.rb:4:in `index'


  Rendered C:/RailsInstaller/Ruby2.1.0/lib/ruby/gems/2.1.0/gems/actionpack-4.2.5.1/lib/action_dispatch/middleware/templates/rescues/_source.erb (0.0ms)
  Rendered C:/RailsInstaller/Ruby2.1.0/lib/ruby/gems/2.1.0/gems/actionpack-4.2.5.1/lib/action_dispatch/middleware/templates/rescues/_trace.html.erb (1.0ms)
  Rendered C:/RailsInstaller/Ruby2.1.0/lib/ruby/gems/2.1.0/gems/actionpack-4.2.5.1/lib/action_dispatch/middleware/templates/rescues/_request_and_response.html.erb (0.0ms)
  Rendered C:/RailsInstaller/Ruby2.1.0/lib/ruby/gems/2.1.0/gems/actionpack-4.2.5.1/lib/action_dispatch/middleware/templates/rescues/diagnostics.html.erb within rescues/layout (53.4ms)
  Rendered C:/RailsInstaller/Ruby2.1.0/lib/ruby/gems/2.1.0/gems/web-console-2.3.0/lib/web_console/templates/_markup.html.erb (0.0ms)
  Rendered C:/RailsInstaller/Ruby2.1.0/lib/ruby/gems/2.1.0/gems/web-console-2.3.0/lib/web_console/templates/_inner_console_markup.html.erb within layouts/inlined_string (0.0ms)
  Rendered C:/RailsInstaller/Ruby2.1.0/lib/ruby/gems/2.1.0/gems/web-console-2.3.0/lib/web_console/templates/_prompt_box_markup.html.erb within layouts/inlined_string (0.0ms)
  Rendered C:/RailsInstaller/Ruby2.1.0/lib/ruby/gems/2.1.0/gems/web-console-2.3.0/lib/web_console/templates/style.css.erb within layouts/inlined_string (0.0ms)
  Rendered C:/RailsInstaller/Ruby2.1.0/lib/ruby/gems/2.1.0/gems/web-console-2.3.0/lib/web_console/templates/console.js.erb within layouts/javascript (26.1ms)
  Rendered C:/RailsInstaller/Ruby2.1.0/lib/ruby/gems/2.1.0/gems/web-console-2.3.0/lib/web_console/templates/main.js.erb within layouts/javascript (0.0ms)
  Rendered C:/RailsInstaller/Ruby2.1.0/lib/ruby/gems/2.1.0/gems/web-console-2.3.0/lib/web_console/templates/error_page.js.erb within layouts/javascript (0.0ms)
  Rendered C:/RailsInstaller/Ruby2.1.0/lib/ruby/gems/2.1.0/gems/web-console-2.3.0/lib/web_console/templates/index.html.erb (55.9ms)


Started GET "/students" for ::1 at 2016-09-13 16:22:51 -0600
Processing by StudentsController#index as HTML
  [1m[35mStudent Load (0.5ms)[0m  SELECT "students".* FROM "students"
  Rendered students/index.html.erb within layouts/application (0.5ms)
Completed 200 OK in 390ms (Views: 386.5ms | ActiveRecord: 0.5ms)
  [1m[36m (43.2ms)[0m  [1mCREATE TABLE "students" ("id" serial primary key, "firstname" character varying, "lastname" character varying, "favoritefood" character varying, "favoritecolor" character varying, "favoritemovie" character varying, "created_at" timestamp NOT NULL, "updated_at" timestamp NOT NULL) [0m
  [1m[35m (11.8ms)[0m  CREATE TABLE "schema_migrations" ("version" character varying NOT NULL) 
  [1m[36m (5.0ms)[0m  [1mCREATE UNIQUE INDEX  "unique_schema_migrations" ON "schema_migrations"  ("version")[0m
  [1m[35m (2.1ms)[0m  SELECT version FROM "schema_migrations"
  [1m[36m (2.7ms)[0m  [1mINSERT INTO "schema_migrations" (version) VALUES ('20160913210751')[0m
  [1m[35mActiveRecord::SchemaMigration Load (2.6ms)[0m  SELECT "schema_migrations".* FROM "schema_migrations"


Started GET "/" for 172.18.0.1 at 2018-06-22 08:43:02 +0000
Cannot render console from 172.18.0.1! Allowed networks: 127.0.0.1, ::1, 127.0.0.0/127.255.255.255
  [1m[36mActiveRecord::SchemaMigration Load (2.6ms)[0m  [1mSELECT "schema_migrations".* FROM "schema_migrations"[0m
Processing by Rails::WelcomeController#index as HTML
  Rendered /usr/local/bundle/gems/railties-4.2.10/lib/rails/templates/rails/welcome/index.html.erb (1.1ms)
Completed 200 OK in 24ms (Views: 10.7ms | ActiveRecord: 0.0ms)
  [1m[36mActiveRecord::SchemaMigration Load (2.3ms)[0m  [1mSELECT "schema_migrations".* FROM "schema_migrations"[0m
DEPRECATION WARNING: You did not specify a value for the configuration option `active_support.test_order`. In Rails 5, the default value of this option will change from `:sorted` to `:random`.
To disable this warning and keep the current behavior, you can add the following line to your `config/environments/test.rb`:

  Rails.application.configure do
    config.active_support.test_order = :sorted
  end

Alternatively, you can opt into the future behavior by setting this option to `:random`. (called from test_order at /usr/local/bundle/gems/activesupport-4.2.10/lib/active_support/test_case.rb:42)
  [1m[35m (1.9ms)[0m  ALTER TABLE "students" DISABLE TRIGGER ALL;ALTER TABLE "schema_migrations" DISABLE TRIGGER ALL
  [1m[36m (0.2ms)[0m  [1mBEGIN[0m
  [1m[35mFixture Delete (2.1ms)[0m  DELETE FROM "students"
  [1m[36mFixture Insert (1.7ms)[0m  [1mINSERT INTO "students" ("firstname", "lastname", "favoritefood", "favoritecolor", "favoritemovie", "created_at", "updated_at", "id") VALUES ('Jimmy', 'Butler', 'Onion Soup', 'Yellow', 'Orange County', '2018-06-22 08:45:30', '2018-06-22 08:45:30', 980190962)[0m
  [1m[35mFixture Insert (0.2ms)[0m  INSERT INTO "students" ("firstname", "lastname", "favoritefood", "favoritecolor", "favoritemovie", "created_at", "updated_at", "id") VALUES ('Jimmy', 'Garrapolo', 'Tempura shrimp', 'Thistle', 'Taboo', '2018-06-22 08:45:30', '2018-06-22 08:45:30', 298486374)
  [1m[36mFixture Insert (0.2ms)[0m  [1mINSERT INTO "students" ("firstname", "lastname", "favoritefood", "favoritecolor", "favoritemovie", "created_at", "updated_at", "id") VALUES ('Tom', 'Brady', 'Eggs', 'Elmer', 'Elysium', '2018-06-22 08:45:30', '2018-06-22 08:45:30', 113629430)[0m
  [1m[35mFixture Insert (0.1ms)[0m  INSERT INTO "students" ("firstname", "lastname", "favoritefood", "favoritecolor", "favoritemovie", "created_at", "updated_at", "id") VALUES ('Kobe', 'Bryant', 'Rottini', 'Red', 'Radio', '2018-06-22 08:45:30', '2018-06-22 08:45:30', 281110143)
  [1m[36mFixture Insert (0.1ms)[0m  [1mINSERT INTO "students" ("firstname", "lastname", "favoritefood", "favoritecolor", "favoritemovie", "created_at", "updated_at", "id") VALUES ('Shaquille', 'O''Neal', 'Veal', 'Violet', 'V for Vendetta', '2018-06-22 08:45:30', '2018-06-22 08:45:30', 1018350795)[0m
  [1m[35mFixture Insert (0.2ms)[0m  INSERT INTO "students" ("firstname", "lastname", "favoritefood", "favoritecolor", "favoritemovie", "created_at", "updated_at", "id") VALUES ('Joey', 'Galloway', 'Onion Soup', 'Red', 'Taboo', '2018-06-22 08:45:30', '2018-06-22 08:45:30', 51848956)
  [1m[36m (1.0ms)[0m  [1mCOMMIT[0m
  [1m[35m (0.2ms)[0m  ALTER TABLE "students" ENABLE TRIGGER ALL;ALTER TABLE "schema_migrations" ENABLE TRIGGER ALL
  [1m[36m (0.1ms)[0m  [1mBEGIN[0m
---------------------------------------------------------------------------
StudentFlowsTest: test_by_default_the_firstname_of_the_student_is_displayed
---------------------------------------------------------------------------


Started GET "/students" for 127.0.0.1 at 2018-06-22 08:45:30 +0000
  [1m[35mActiveRecord::SchemaMigration Load (0.9ms)[0m  SELECT "schema_migrations".* FROM "schema_migrations"
Processing by StudentsController#index as HTML
  Rendered students/index.html.erb within layouts/application (13.7ms)
Completed 500 Internal Server Error in 54ms (ActiveRecord: 0.0ms)

ActionView::Template::Error (undefined method `each' for nil:NilClass):
     6:     <th>FavoriteMovie</th>
     7:   </tr>
     8: 
     9:   <% @students.each do |student| %>
    10:     <tr>
    11:       <td><%= student.name %></td>
    12:       <td><%= student.movie %></td>
  app/views/students/index.html.erb:9:in `_app_views_students_index_html_erb___582666219425429364_47443839381680'
  test/integration/student_flows_test.rb:5:in `block in <class:StudentFlowsTest>'


  Rendered /usr/local/bundle/gems/actionpack-4.2.10/lib/action_dispatch/middleware/templates/rescues/_source.erb (3.8ms)
  Rendered /usr/local/bundle/gems/actionpack-4.2.10/lib/action_dispatch/middleware/templates/rescues/_trace.html.erb (3.9ms)
  Rendered /usr/local/bundle/gems/actionpack-4.2.10/lib/action_dispatch/middleware/templates/rescues/_request_and_response.html.erb (0.6ms)
  Rendered /usr/local/bundle/gems/actionpack-4.2.10/lib/action_dispatch/middleware/templates/rescues/template_error.html.erb within rescues/layout (19.4ms)
  Rendered /usr/local/bundle/gems/web-console-2.3.0/lib/web_console/templates/_markup.html.erb (0.3ms)
  Rendered /usr/local/bundle/gems/web-console-2.3.0/lib/web_console/templates/_inner_console_markup.html.erb within layouts/inlined_string (0.2ms)
  Rendered /usr/local/bundle/gems/web-console-2.3.0/lib/web_console/templates/_prompt_box_markup.html.erb within layouts/inlined_string (0.2ms)
  Rendered /usr/local/bundle/gems/web-console-2.3.0/lib/web_console/templates/style.css.erb within layouts/inlined_string (0.2ms)
  Rendered /usr/local/bundle/gems/web-console-2.3.0/lib/web_console/templates/console.js.erb within layouts/javascript (17.3ms)
  Rendered /usr/local/bundle/gems/web-console-2.3.0/lib/web_console/templates/main.js.erb within layouts/javascript (0.3ms)
  Rendered /usr/local/bundle/gems/web-console-2.3.0/lib/web_console/templates/error_page.js.erb within layouts/javascript (0.3ms)
  Rendered /usr/local/bundle/gems/web-console-2.3.0/lib/web_console/templates/index.html.erb (37.6ms)
  [1m[36m (0.3ms)[0m  [1mROLLBACK[0m
  [1m[35m (0.1ms)[0m  BEGIN
-------------------------------------------------------------------------------------
StudentFlowsTest: test_duplicate_first_names_have_first_initial_of_last_name_appended
-------------------------------------------------------------------------------------


Started GET "/students" for 127.0.0.1 at 2018-06-22 08:45:31 +0000
Processing by StudentsController#index as HTML
  Rendered students/index.html.erb within layouts/application (7.5ms)
Completed 500 Internal Server Error in 29ms (ActiveRecord: 0.0ms)

ActionView::Template::Error (undefined method `each' for nil:NilClass):
     6:     <th>FavoriteMovie</th>
     7:   </tr>
     8: 
     9:   <% @students.each do |student| %>
    10:     <tr>
    11:       <td><%= student.name %></td>
    12:       <td><%= student.movie %></td>
  app/views/students/index.html.erb:9:in `_app_views_students_index_html_erb___582666219425429364_47443839381680'
  test/integration/student_flows_test.rb:11:in `block in <class:StudentFlowsTest>'


  Rendered /usr/local/bundle/gems/actionpack-4.2.10/lib/action_dispatch/middleware/templates/rescues/_source.erb (4.0ms)
  Rendered /usr/local/bundle/gems/actionpack-4.2.10/lib/action_dispatch/middleware/templates/rescues/_trace.html.erb (3.5ms)
  Rendered /usr/local/bundle/gems/actionpack-4.2.10/lib/action_dispatch/middleware/templates/rescues/_request_and_response.html.erb (0.5ms)
  Rendered /usr/local/bundle/gems/actionpack-4.2.10/lib/action_dispatch/middleware/templates/rescues/template_error.html.erb within rescues/layout (17.8ms)
  Rendered /usr/local/bundle/gems/web-console-2.3.0/lib/web_console/templates/_markup.html.erb (0.2ms)
  Rendered /usr/local/bundle/gems/web-console-2.3.0/lib/web_console/templates/_inner_console_markup.html.erb within layouts/inlined_string (0.2ms)
  Rendered /usr/local/bundle/gems/web-console-2.3.0/lib/web_console/templates/_prompt_box_markup.html.erb within layouts/inlined_string (0.2ms)
  Rendered /usr/local/bundle/gems/web-console-2.3.0/lib/web_console/templates/style.css.erb within layouts/inlined_string (0.3ms)
  Rendered /usr/local/bundle/gems/web-console-2.3.0/lib/web_console/templates/console.js.erb within layouts/javascript (10.7ms)
  Rendered /usr/local/bundle/gems/web-console-2.3.0/lib/web_console/templates/main.js.erb within layouts/javascript (0.2ms)
  Rendered /usr/local/bundle/gems/web-console-2.3.0/lib/web_console/templates/error_page.js.erb within layouts/javascript (0.2ms)
  Rendered /usr/local/bundle/gems/web-console-2.3.0/lib/web_console/templates/index.html.erb (21.9ms)
  [1m[36m (0.2ms)[0m  [1mROLLBACK[0m
  [1m[35m (0.1ms)[0m  BEGIN
------------------------------------------------
StudentFlowsTest: test_names_filterable_by_movie
------------------------------------------------


Started GET "/students?movie=taboo" for 127.0.0.1 at 2018-06-22 08:45:31 +0000
Processing by StudentsController#index as HTML
  Parameters: {"movie"=>"taboo"}
  Rendered students/index.html.erb within layouts/application (8.3ms)
Completed 500 Internal Server Error in 28ms (ActiveRecord: 0.0ms)

ActionView::Template::Error (undefined method `each' for nil:NilClass):
     6:     <th>FavoriteMovie</th>
     7:   </tr>
     8: 
     9:   <% @students.each do |student| %>
    10:     <tr>
    11:       <td><%= student.name %></td>
    12:       <td><%= student.movie %></td>
  app/views/students/index.html.erb:9:in `_app_views_students_index_html_erb___582666219425429364_47443839381680'
  test/integration/student_flows_test.rb:18:in `block in <class:StudentFlowsTest>'


  Rendered /usr/local/bundle/gems/actionpack-4.2.10/lib/action_dispatch/middleware/templates/rescues/_source.erb (4.0ms)
  Rendered /usr/local/bundle/gems/actionpack-4.2.10/lib/action_dispatch/middleware/templates/rescues/_trace.html.erb (3.3ms)
  Rendered /usr/local/bundle/gems/actionpack-4.2.10/lib/action_dispatch/middleware/templates/rescues/_request_and_response.html.erb (0.6ms)
  Rendered /usr/local/bundle/gems/actionpack-4.2.10/lib/action_dispatch/middleware/templates/rescues/template_error.html.erb within rescues/layout (17.5ms)
  Rendered /usr/local/bundle/gems/web-console-2.3.0/lib/web_console/templates/_markup.html.erb (0.2ms)
  Rendered /usr/local/bundle/gems/web-console-2.3.0/lib/web_console/templates/_inner_console_markup.html.erb within layouts/inlined_string (0.2ms)
  Rendered /usr/local/bundle/gems/web-console-2.3.0/lib/web_console/templates/_prompt_box_markup.html.erb within layouts/inlined_string (0.2ms)
  Rendered /usr/local/bundle/gems/web-console-2.3.0/lib/web_console/templates/style.css.erb within layouts/inlined_string (0.2ms)
  Rendered /usr/local/bundle/gems/web-console-2.3.0/lib/web_console/templates/console.js.erb within layouts/javascript (11.0ms)
  Rendered /usr/local/bundle/gems/web-console-2.3.0/lib/web_console/templates/main.js.erb within layouts/javascript (0.2ms)
  Rendered /usr/local/bundle/gems/web-console-2.3.0/lib/web_console/templates/error_page.js.erb within layouts/javascript (0.2ms)
  Rendered /usr/local/bundle/gems/web-console-2.3.0/lib/web_console/templates/index.html.erb (22.3ms)
  [1m[36m (0.2ms)[0m  [1mROLLBACK[0m
